F:\MS-WORKSPACE\VISUAL STUDIO 2010\PROJECTS\DECISIONTREE\DEBUG\DECISIONTREE.EXE
F:\MS-WORKSPACE\VISUAL STUDIO 2010\PROJECTS\DECISIONTREE\DEBUG\DECISIONTREE.ILK
F:\MS-WORKSPACE\VISUAL STUDIO 2010\PROJECTS\DECISIONTREE\DEBUG\DECISIONTREE.PDB
F:\MS-WorkSpace\Visual Studio 2010\Projects\DecisionTree\DecisionTree\Debug\cl.command.1.tlog
F:\MS-WorkSpace\Visual Studio 2010\Projects\DecisionTree\DecisionTree\Debug\CL.read.1.tlog
F:\MS-WorkSpace\Visual Studio 2010\Projects\DecisionTree\DecisionTree\Debug\CL.write.1.tlog
F:\MS-WORKSPACE\VISUAL STUDIO 2010\PROJECTS\DECISIONTREE\DECISIONTREE\DEBUG\DECISIONTREE.EXE.EMBED.MANIFEST
F:\MS-WORKSPACE\VISUAL STUDIO 2010\PROJECTS\DECISIONTREE\DECISIONTREE\DEBUG\DECISIONTREE.EXE.EMBED.MANIFEST.RES
F:\MS-WORKSPACE\VISUAL STUDIO 2010\PROJECTS\DECISIONTREE\DECISIONTREE\DEBUG\DECISIONTREE.EXE.INTERMEDIATE.MANIFEST
F:\MS-WORKSPACE\VISUAL STUDIO 2010\PROJECTS\DECISIONTREE\DECISIONTREE\DEBUG\DECISIONTREE.OBJ
F:\MS-WorkSpace\Visual Studio 2010\Projects\DecisionTree\DecisionTree\Debug\DecisionTree_manifest.rc
F:\MS-WorkSpace\Visual Studio 2010\Projects\DecisionTree\DecisionTree\Debug\link.1008.read.1.tlog
F:\MS-WorkSpace\Visual Studio 2010\Projects\DecisionTree\DecisionTree\Debug\link.1008.write.1.tlog
F:\MS-WorkSpace\Visual Studio 2010\Projects\DecisionTree\DecisionTree\Debug\link.1008-cvtres.read.1.tlog
F:\MS-WorkSpace\Visual Studio 2010\Projects\DecisionTree\DecisionTree\Debug\link.1008-cvtres.write.1.tlog
F:\MS-WorkSpace\Visual Studio 2010\Projects\DecisionTree\DecisionTree\Debug\link.1260.read.1.tlog
F:\MS-WorkSpace\Visual Studio 2010\Projects\DecisionTree\DecisionTree\Debug\link.1260.write.1.tlog
F:\MS-WorkSpace\Visual Studio 2010\Projects\DecisionTree\DecisionTree\Debug\link.1260-cvtres.read.1.tlog
F:\MS-WorkSpace\Visual Studio 2010\Projects\DecisionTree\DecisionTree\Debug\link.1260-cvtres.write.1.tlog
F:\MS-WorkSpace\Visual Studio 2010\Projects\DecisionTree\DecisionTree\Debug\link.1660.read.1.tlog
F:\MS-WorkSpace\Visual Studio 2010\Projects\DecisionTree\DecisionTree\Debug\link.1660.write.1.tlog
F:\MS-WorkSpace\Visual Studio 2010\Projects\DecisionTree\DecisionTree\Debug\link.1660-cvtres.read.1.tlog
F:\MS-WorkSpace\Visual Studio 2010\Projects\DecisionTree\DecisionTree\Debug\link.1660-cvtres.write.1.tlog
F:\MS-WorkSpace\Visual Studio 2010\Projects\DecisionTree\DecisionTree\Debug\link.1688.read.1.tlog
F:\MS-WorkSpace\Visual Studio 2010\Projects\DecisionTree\DecisionTree\Debug\link.1688.write.1.tlog
F:\MS-WorkSpace\Visual Studio 2010\Projects\DecisionTree\DecisionTree\Debug\link.1688-cvtres.read.1.tlog
F:\MS-WorkSpace\Visual Studio 2010\Projects\DecisionTree\DecisionTree\Debug\link.1688-cvtres.write.1.tlog
F:\MS-WorkSpace\Visual Studio 2010\Projects\DecisionTree\DecisionTree\Debug\link.2448.read.1.tlog
F:\MS-WorkSpace\Visual Studio 2010\Projects\DecisionTree\DecisionTree\Debug\link.2448.write.1.tlog
F:\MS-WorkSpace\Visual Studio 2010\Projects\DecisionTree\DecisionTree\Debug\link.2448-cvtres.read.1.tlog
F:\MS-WorkSpace\Visual Studio 2010\Projects\DecisionTree\DecisionTree\Debug\link.2448-cvtres.write.1.tlog
F:\MS-WorkSpace\Visual Studio 2010\Projects\DecisionTree\DecisionTree\Debug\link.3668.read.1.tlog
F:\MS-WorkSpace\Visual Studio 2010\Projects\DecisionTree\DecisionTree\Debug\link.3668.write.1.tlog
F:\MS-WorkSpace\Visual Studio 2010\Projects\DecisionTree\DecisionTree\Debug\link.3668-cvtres.read.1.tlog
F:\MS-WorkSpace\Visual Studio 2010\Projects\DecisionTree\DecisionTree\Debug\link.3668-cvtres.write.1.tlog
F:\MS-WorkSpace\Visual Studio 2010\Projects\DecisionTree\DecisionTree\Debug\link.4436.read.1.tlog
F:\MS-WorkSpace\Visual Studio 2010\Projects\DecisionTree\DecisionTree\Debug\link.4436.write.1.tlog
F:\MS-WorkSpace\Visual Studio 2010\Projects\DecisionTree\DecisionTree\Debug\link.4436-cvtres.read.1.tlog
F:\MS-WorkSpace\Visual Studio 2010\Projects\DecisionTree\DecisionTree\Debug\link.4436-cvtres.write.1.tlog
F:\MS-WorkSpace\Visual Studio 2010\Projects\DecisionTree\DecisionTree\Debug\link.4972.read.1.tlog
F:\MS-WorkSpace\Visual Studio 2010\Projects\DecisionTree\DecisionTree\Debug\link.4972.write.1.tlog
F:\MS-WorkSpace\Visual Studio 2010\Projects\DecisionTree\DecisionTree\Debug\link.4972-cvtres.read.1.tlog
F:\MS-WorkSpace\Visual Studio 2010\Projects\DecisionTree\DecisionTree\Debug\link.4972-cvtres.write.1.tlog
F:\MS-WorkSpace\Visual Studio 2010\Projects\DecisionTree\DecisionTree\Debug\link.5140.read.1.tlog
F:\MS-WorkSpace\Visual Studio 2010\Projects\DecisionTree\DecisionTree\Debug\link.5140.write.1.tlog
F:\MS-WorkSpace\Visual Studio 2010\Projects\DecisionTree\DecisionTree\Debug\link.5140-cvtres.read.1.tlog
F:\MS-WorkSpace\Visual Studio 2010\Projects\DecisionTree\DecisionTree\Debug\link.5140-cvtres.write.1.tlog
F:\MS-WorkSpace\Visual Studio 2010\Projects\DecisionTree\DecisionTree\Debug\link.5392.read.1.tlog
F:\MS-WorkSpace\Visual Studio 2010\Projects\DecisionTree\DecisionTree\Debug\link.5392.write.1.tlog
F:\MS-WorkSpace\Visual Studio 2010\Projects\DecisionTree\DecisionTree\Debug\link.5392-cvtres.read.1.tlog
F:\MS-WorkSpace\Visual Studio 2010\Projects\DecisionTree\DecisionTree\Debug\link.5392-cvtres.write.1.tlog
F:\MS-WorkSpace\Visual Studio 2010\Projects\DecisionTree\DecisionTree\Debug\link.5400.read.1.tlog
F:\MS-WorkSpace\Visual Studio 2010\Projects\DecisionTree\DecisionTree\Debug\link.5400.write.1.tlog
F:\MS-WorkSpace\Visual Studio 2010\Projects\DecisionTree\DecisionTree\Debug\link.5400-cvtres.read.1.tlog
F:\MS-WorkSpace\Visual Studio 2010\Projects\DecisionTree\DecisionTree\Debug\link.5400-cvtres.write.1.tlog
F:\MS-WorkSpace\Visual Studio 2010\Projects\DecisionTree\DecisionTree\Debug\link.5616.read.1.tlog
F:\MS-WorkSpace\Visual Studio 2010\Projects\DecisionTree\DecisionTree\Debug\link.5616.write.1.tlog
F:\MS-WorkSpace\Visual Studio 2010\Projects\DecisionTree\DecisionTree\Debug\link.5616-cvtres.read.1.tlog
F:\MS-WorkSpace\Visual Studio 2010\Projects\DecisionTree\DecisionTree\Debug\link.5616-cvtres.write.1.tlog
F:\MS-WorkSpace\Visual Studio 2010\Projects\DecisionTree\DecisionTree\Debug\link.5876.read.1.tlog
F:\MS-WorkSpace\Visual Studio 2010\Projects\DecisionTree\DecisionTree\Debug\link.5876.write.1.tlog
F:\MS-WorkSpace\Visual Studio 2010\Projects\DecisionTree\DecisionTree\Debug\link.5876-cvtres.read.1.tlog
F:\MS-WorkSpace\Visual Studio 2010\Projects\DecisionTree\DecisionTree\Debug\link.5876-cvtres.write.1.tlog
F:\MS-WorkSpace\Visual Studio 2010\Projects\DecisionTree\DecisionTree\Debug\link.5960.read.1.tlog
F:\MS-WorkSpace\Visual Studio 2010\Projects\DecisionTree\DecisionTree\Debug\link.5960.write.1.tlog
F:\MS-WorkSpace\Visual Studio 2010\Projects\DecisionTree\DecisionTree\Debug\link.5960-cvtres.read.1.tlog
F:\MS-WorkSpace\Visual Studio 2010\Projects\DecisionTree\DecisionTree\Debug\link.5960-cvtres.write.1.tlog
F:\MS-WorkSpace\Visual Studio 2010\Projects\DecisionTree\DecisionTree\Debug\link.6352.read.1.tlog
F:\MS-WorkSpace\Visual Studio 2010\Projects\DecisionTree\DecisionTree\Debug\link.6352.write.1.tlog
F:\MS-WorkSpace\Visual Studio 2010\Projects\DecisionTree\DecisionTree\Debug\link.6352-cvtres.read.1.tlog
F:\MS-WorkSpace\Visual Studio 2010\Projects\DecisionTree\DecisionTree\Debug\link.6352-cvtres.write.1.tlog
F:\MS-WorkSpace\Visual Studio 2010\Projects\DecisionTree\DecisionTree\Debug\link.6472.read.1.tlog
F:\MS-WorkSpace\Visual Studio 2010\Projects\DecisionTree\DecisionTree\Debug\link.6472.write.1.tlog
F:\MS-WorkSpace\Visual Studio 2010\Projects\DecisionTree\DecisionTree\Debug\link.6472-cvtres.read.1.tlog
F:\MS-WorkSpace\Visual Studio 2010\Projects\DecisionTree\DecisionTree\Debug\link.6472-cvtres.write.1.tlog
F:\MS-WorkSpace\Visual Studio 2010\Projects\DecisionTree\DecisionTree\Debug\link.6872.read.1.tlog
F:\MS-WorkSpace\Visual Studio 2010\Projects\DecisionTree\DecisionTree\Debug\link.6872.write.1.tlog
F:\MS-WorkSpace\Visual Studio 2010\Projects\DecisionTree\DecisionTree\Debug\link.6872-cvtres.read.1.tlog
F:\MS-WorkSpace\Visual Studio 2010\Projects\DecisionTree\DecisionTree\Debug\link.6872-cvtres.write.1.tlog
F:\MS-WorkSpace\Visual Studio 2010\Projects\DecisionTree\DecisionTree\Debug\link.8180.read.1.tlog
F:\MS-WorkSpace\Visual Studio 2010\Projects\DecisionTree\DecisionTree\Debug\link.8180.write.1.tlog
F:\MS-WorkSpace\Visual Studio 2010\Projects\DecisionTree\DecisionTree\Debug\link.8180-cvtres.read.1.tlog
F:\MS-WorkSpace\Visual Studio 2010\Projects\DecisionTree\DecisionTree\Debug\link.8180-cvtres.write.1.tlog
F:\MS-WorkSpace\Visual Studio 2010\Projects\DecisionTree\DecisionTree\Debug\link.8352.read.1.tlog
F:\MS-WorkSpace\Visual Studio 2010\Projects\DecisionTree\DecisionTree\Debug\link.8352.write.1.tlog
F:\MS-WorkSpace\Visual Studio 2010\Projects\DecisionTree\DecisionTree\Debug\link.8352-cvtres.read.1.tlog
F:\MS-WorkSpace\Visual Studio 2010\Projects\DecisionTree\DecisionTree\Debug\link.8352-cvtres.write.1.tlog
F:\MS-WorkSpace\Visual Studio 2010\Projects\DecisionTree\DecisionTree\Debug\link.8372.read.1.tlog
F:\MS-WorkSpace\Visual Studio 2010\Projects\DecisionTree\DecisionTree\Debug\link.8372.write.1.tlog
F:\MS-WorkSpace\Visual Studio 2010\Projects\DecisionTree\DecisionTree\Debug\link.8372-cvtres.read.1.tlog
F:\MS-WorkSpace\Visual Studio 2010\Projects\DecisionTree\DecisionTree\Debug\link.8372-cvtres.write.1.tlog
F:\MS-WorkSpace\Visual Studio 2010\Projects\DecisionTree\DecisionTree\Debug\link.8384.read.1.tlog
F:\MS-WorkSpace\Visual Studio 2010\Projects\DecisionTree\DecisionTree\Debug\link.8384.write.1.tlog
F:\MS-WorkSpace\Visual Studio 2010\Projects\DecisionTree\DecisionTree\Debug\link.8384-cvtres.read.1.tlog
F:\MS-WorkSpace\Visual Studio 2010\Projects\DecisionTree\DecisionTree\Debug\link.8384-cvtres.write.1.tlog
F:\MS-WorkSpace\Visual Studio 2010\Projects\DecisionTree\DecisionTree\Debug\link.8412.read.1.tlog
F:\MS-WorkSpace\Visual Studio 2010\Projects\DecisionTree\DecisionTree\Debug\link.8412.write.1.tlog
F:\MS-WorkSpace\Visual Studio 2010\Projects\DecisionTree\DecisionTree\Debug\link.8412-cvtres.read.1.tlog
F:\MS-WorkSpace\Visual Studio 2010\Projects\DecisionTree\DecisionTree\Debug\link.8412-cvtres.write.1.tlog
F:\MS-WorkSpace\Visual Studio 2010\Projects\DecisionTree\DecisionTree\Debug\link.8728.read.1.tlog
F:\MS-WorkSpace\Visual Studio 2010\Projects\DecisionTree\DecisionTree\Debug\link.8728.write.1.tlog
F:\MS-WorkSpace\Visual Studio 2010\Projects\DecisionTree\DecisionTree\Debug\link.8728-cvtres.read.1.tlog
F:\MS-WorkSpace\Visual Studio 2010\Projects\DecisionTree\DecisionTree\Debug\link.8728-cvtres.write.1.tlog
F:\MS-WorkSpace\Visual Studio 2010\Projects\DecisionTree\DecisionTree\Debug\link.8796.read.1.tlog
F:\MS-WorkSpace\Visual Studio 2010\Projects\DecisionTree\DecisionTree\Debug\link.8796.write.1.tlog
F:\MS-WorkSpace\Visual Studio 2010\Projects\DecisionTree\DecisionTree\Debug\link.8796-cvtres.read.1.tlog
F:\MS-WorkSpace\Visual Studio 2010\Projects\DecisionTree\DecisionTree\Debug\link.8796-cvtres.write.1.tlog
F:\MS-WorkSpace\Visual Studio 2010\Projects\DecisionTree\DecisionTree\Debug\link.8876.read.1.tlog
F:\MS-WorkSpace\Visual Studio 2010\Projects\DecisionTree\DecisionTree\Debug\link.8876.write.1.tlog
F:\MS-WorkSpace\Visual Studio 2010\Projects\DecisionTree\DecisionTree\Debug\link.8876-cvtres.read.1.tlog
F:\MS-WorkSpace\Visual Studio 2010\Projects\DecisionTree\DecisionTree\Debug\link.8876-cvtres.write.1.tlog
F:\MS-WorkSpace\Visual Studio 2010\Projects\DecisionTree\DecisionTree\Debug\link.9040.read.1.tlog
F:\MS-WorkSpace\Visual Studio 2010\Projects\DecisionTree\DecisionTree\Debug\link.9040.write.1.tlog
F:\MS-WorkSpace\Visual Studio 2010\Projects\DecisionTree\DecisionTree\Debug\link.9040-cvtres.read.1.tlog
F:\MS-WorkSpace\Visual Studio 2010\Projects\DecisionTree\DecisionTree\Debug\link.9040-cvtres.write.1.tlog
F:\MS-WorkSpace\Visual Studio 2010\Projects\DecisionTree\DecisionTree\Debug\link.9204.read.1.tlog
F:\MS-WorkSpace\Visual Studio 2010\Projects\DecisionTree\DecisionTree\Debug\link.9204.write.1.tlog
F:\MS-WorkSpace\Visual Studio 2010\Projects\DecisionTree\DecisionTree\Debug\link.9204-cvtres.read.1.tlog
F:\MS-WorkSpace\Visual Studio 2010\Projects\DecisionTree\DecisionTree\Debug\link.9204-cvtres.write.1.tlog
F:\MS-WorkSpace\Visual Studio 2010\Projects\DecisionTree\DecisionTree\Debug\link.9452.read.1.tlog
F:\MS-WorkSpace\Visual Studio 2010\Projects\DecisionTree\DecisionTree\Debug\link.9452.write.1.tlog
F:\MS-WorkSpace\Visual Studio 2010\Projects\DecisionTree\DecisionTree\Debug\link.9452-cvtres.read.1.tlog
F:\MS-WorkSpace\Visual Studio 2010\Projects\DecisionTree\DecisionTree\Debug\link.9452-cvtres.write.1.tlog
F:\MS-WorkSpace\Visual Studio 2010\Projects\DecisionTree\DecisionTree\Debug\link.9572.read.1.tlog
F:\MS-WorkSpace\Visual Studio 2010\Projects\DecisionTree\DecisionTree\Debug\link.9572.write.1.tlog
F:\MS-WorkSpace\Visual Studio 2010\Projects\DecisionTree\DecisionTree\Debug\link.9572-cvtres.read.1.tlog
F:\MS-WorkSpace\Visual Studio 2010\Projects\DecisionTree\DecisionTree\Debug\link.9572-cvtres.write.1.tlog
F:\MS-WorkSpace\Visual Studio 2010\Projects\DecisionTree\DecisionTree\Debug\link.command.1.tlog
F:\MS-WorkSpace\Visual Studio 2010\Projects\DecisionTree\DecisionTree\Debug\link.read.1.tlog
F:\MS-WorkSpace\Visual Studio 2010\Projects\DecisionTree\DecisionTree\Debug\link.write.1.tlog
F:\MS-WorkSpace\Visual Studio 2010\Projects\DecisionTree\DecisionTree\Debug\link-cvtres.read.1.tlog
F:\MS-WorkSpace\Visual Studio 2010\Projects\DecisionTree\DecisionTree\Debug\link-cvtres.write.1.tlog
F:\MS-WorkSpace\Visual Studio 2010\Projects\DecisionTree\DecisionTree\Debug\mt.command.1.tlog
F:\MS-WorkSpace\Visual Studio 2010\Projects\DecisionTree\DecisionTree\Debug\mt.read.1.tlog
F:\MS-WorkSpace\Visual Studio 2010\Projects\DecisionTree\DecisionTree\Debug\mt.write.1.tlog
F:\MS-WorkSpace\Visual Studio 2010\Projects\DecisionTree\DecisionTree\Debug\rc.command.1.tlog
F:\MS-WorkSpace\Visual Studio 2010\Projects\DecisionTree\DecisionTree\Debug\rc.read.1.tlog
F:\MS-WorkSpace\Visual Studio 2010\Projects\DecisionTree\DecisionTree\Debug\rc.write.1.tlog
F:\MS-WORKSPACE\VISUAL STUDIO 2010\PROJECTS\DECISIONTREE\DECISIONTREE\DEBUG\TREE.OBJ
F:\MS-WorkSpace\Visual Studio 2010\Projects\DecisionTree\DecisionTree\Debug\vc100.idb
F:\MS-WORKSPACE\VISUAL STUDIO 2010\PROJECTS\DECISIONTREE\DECISIONTREE\DEBUG\VC100.PDB
