Build started 2012-10-20 10:57:20.
     1>Project "F:\MS-WorkSpace\Visual Studio 2010\Projects\DecisionTree\DecisionTree\DecisionTree.vcxproj" on node 2 (build target(s)).
     1>PrepareForBuild:
         Creating directory "F:\MS-WorkSpace\Visual Studio 2010\Projects\DecisionTree\Release\".
       InitializeBuildStatus:
         Creating "Release\DecisionTree.unsuccessfulbuild" because "AlwaysCreate" was specified.
       ClCompile:
         D:\Microsoft Visual Studio 10.0\VC\bin\CL.exe /c /Zi /nologo /W3 /WX- /O2 /Oi /Oy- /GL /D WIN32 /D NDEBUG /D _CONSOLE /D ACE_AS_STATIC_LIBS /D _UNICODE /D UNICODE /Gm- /EHsc /MD /GS /Gy /fp:precise /Zc:wchar_t /Zc:forScope /Fo"Release\\" /Fd"Release\vc100.pdb" /Gd /TP /analyze- /errorReport:prompt DecisionTree.cpp Tree.cpp
         DecisionTree.cpp
         Tree.cpp
       Link:
         D:\Microsoft Visual Studio 10.0\VC\bin\link.exe /ERRORREPORT:PROMPT /OUT:"F:\MS-WorkSpace\Visual Studio 2010\Projects\DecisionTree\Release\DecisionTree.exe" /INCREMENTAL:NO /NOLOGO kernel32.lib user32.lib gdi32.lib winspool.lib comdlg32.lib advapi32.lib shell32.lib ole32.lib oleaut32.lib uuid.lib odbc32.lib odbccp32.lib /MANIFEST /ManifestFile:"Release\DecisionTree.exe.intermediate.manifest" /MANIFESTUAC:"level='asInvoker' uiAccess='false'" /DEBUG /PDB:"F:\MS-WorkSpace\Visual Studio 2010\Projects\DecisionTree\Release\DecisionTree.pdb" /SUBSYSTEM:CONSOLE /OPT:REF /OPT:ICF /LTCG /TLBID:1 /DYNAMICBASE /NXCOMPAT /IMPLIB:"F:\MS-WorkSpace\Visual Studio 2010\Projects\DecisionTree\Release\DecisionTree.lib" /MACHINE:X86 Release\DecisionTree.obj
         Release\Tree.obj
         Generating code
         Finished generating code
         DecisionTree.vcxproj -> F:\MS-WorkSpace\Visual Studio 2010\Projects\DecisionTree\Release\DecisionTree.exe
       Manifest:
         C:\Program Files (x86)\Microsoft SDKs\Windows\v7.0A\bin\mt.exe /nologo /verbose /outputresource:"F:\MS-WorkSpace\Visual Studio 2010\Projects\DecisionTree\Release\DecisionTree.exe;#1" /manifest Release\DecisionTree.exe.intermediate.manifest
       FinalizeBuildStatus:
         Deleting file "Release\DecisionTree.unsuccessfulbuild".
         Touching "Release\DecisionTree.lastbuildstate".
     1>Done Building Project "F:\MS-WorkSpace\Visual Studio 2010\Projects\DecisionTree\DecisionTree\DecisionTree.vcxproj" (build target(s)).

Build succeeded.

Time Elapsed 00:00:05.04
